<?xml version="1.0" encoding="UTF-8"?>
<testng-results skipped="0" failed="0" ignored="0" total="4" passed="4">
  <reporter-output>
  </reporter-output>
  <suite name="Default suite" duration-ms="140" started-at="2021-12-24T06:57:16 UTC" finished-at="2021-12-24T06:57:16 UTC">
    <groups>
    </groups>
    <test name="Default test" duration-ms="140" started-at="2021-12-24T06:57:16 UTC" finished-at="2021-12-24T06:57:16 UTC">
      <class name="TestNGHCL">
        <test-method status="PASS" signature="beforeTest()[pri:0, instance:TestNGHCL@17579e0f]" name="beforeTest" is-config="true" duration-ms="16" started-at="2021-12-24T06:57:16 UTC" finished-at="2021-12-24T06:57:16 UTC">
          <reporter-output>
          </reporter-output>
        </test-method> <!-- beforeTest -->
        <test-method status="PASS" signature="test1()[pri:1, instance:TestNGHCL@17579e0f]" name="test1" duration-ms="0" started-at="2021-12-24T06:57:16 UTC" finished-at="2021-12-24T06:57:16 UTC">
          <reporter-output>
          </reporter-output>
        </test-method> <!-- test1 -->
        <test-method status="PASS" signature="test3()[pri:3, instance:TestNGHCL@17579e0f]" name="test3" duration-ms="16" started-at="2021-12-24T06:57:16 UTC" finished-at="2021-12-24T06:57:16 UTC">
          <reporter-output>
          </reporter-output>
        </test-method> <!-- test3 -->
        <test-method status="PASS" signature="test2()[pri:2, instance:TestNGHCL@17579e0f]" name="test2" duration-ms="0" started-at="2021-12-24T06:57:16 UTC" finished-at="2021-12-24T06:57:16 UTC">
          <reporter-output>
          </reporter-output>
        </test-method> <!-- test2 -->
        <test-method status="PASS" signature="test4()[pri:4, instance:TestNGHCL@17579e0f]" name="test4" duration-ms="0" started-at="2021-12-24T06:57:16 UTC" finished-at="2021-12-24T06:57:16 UTC">
          <reporter-output>
          </reporter-output>
        </test-method> <!-- test4 -->
        <test-method status="PASS" signature="afterTest()[pri:0, instance:TestNGHCL@17579e0f]" name="afterTest" is-config="true" duration-ms="0" started-at="2021-12-24T06:57:16 UTC" finished-at="2021-12-24T06:57:16 UTC">
          <reporter-output>
          </reporter-output>
        </test-method> <!-- afterTest -->
      </class> <!-- TestNGHCL -->
    </test> <!-- Default test -->
  </suite> <!-- Default suite -->
</testng-results>
